# JRE version: OpenJDK Runtime Environment (11.0.13) (build 11.0.13+0-b1751.21-8125866)
# Java VM: OpenJDK 64-Bit Server VM (11.0.13+0-b1751.21-8125866, mixed mode, tiered, compressed oops, g1 gc, linux-amd64)
Heap:
 garbage-first heap   total 353280K, used 277222K [0x0000000080000000, 0x0000000100000000)
  region size 1024K, 30 young (30720K), 2 survivors (2048K)
 Metaspace       used 138610K, capacity 142906K, committed 143152K, reserved 1173504K
  class space    used 17345K, capacity 19009K, committed 19072K, reserved 1048576K
GC Heap History (20 events):
Event: 202,773 GC heap before
{Heap before GC invocations=49 (full 0):
 garbage-first heap   total 353280K, used 287005K [0x0000000080000000, 0x0000000100000000)
  region size 1024K, 114 young (116736K), 2 survivors (2048K)
 Metaspace       used 110500K, capacity 113951K, committed 114224K, reserved 1148928K
  class space    used 14067K, capacity 15379K, committed 15488K, reserved 1048576K
}
Event: 202,780 GC heap after
{Heap after GC invocations=50 (full 0):
 garbage-first heap   total 353280K, used 175983K [0x0000000080000000, 0x0000000100000000)
  region size 1024K, 5 young (5120K), 5 survivors (5120K)
 Metaspace       used 110500K, capacity 113951K, committed 114224K, reserved 1148928K
  class space    used 14067K, capacity 15379K, committed 15488K, reserved 1048576K
}
Event: 204,031 GC heap before
{Heap before GC invocations=51 (full 0):
 garbage-first heap   total 353280K, used 300911K [0x0000000080000000, 0x0000000100000000)
  region size 1024K, 118 young (120832K), 5 survivors (5120K)
 Metaspace       used 119423K, capacity 123112K, committed 123312K, reserved 1157120K
  class space    used 15001K, capacity 16347K, committed 16384K, reserved 1048576K
}
Event: 204,042 GC heap after
{Heap after GC invocations=52 (full 0):
 garbage-first heap   total 353280K, used 191261K [0x0000000080000000, 0x0000000100000000)
  region size 1024K, 15 young (15360K), 15 survivors (15360K)
 Metaspace       used 119423K, capacity 123112K, committed 123312K, reserved 1157120K
  class space    used 15001K, capacity 16347K, committed 16384K, reserved 1048576K
}
Event: 204,047 GC heap before
{Heap before GC invocations=52 (full 0):
 garbage-first heap   total 353280K, used 193309K [0x0000000080000000, 0x0000000100000000)
  region size 1024K, 17 young (17408K), 15 survivors (15360K)
 Metaspace       used 119423K, capacity 123112K, committed 123312K, reserved 1157120K
  class space    used 15001K, capacity 16347K, committed 16384K, reserved 1048576K
}
Event: 204,061 GC heap after
{Heap after GC invocations=53 (full 0):
 garbage-first heap   total 353280K, used 174817K [0x0000000080000000, 0x0000000100000000)
  region size 1024K, 2 young (2048K), 2 survivors (2048K)
 Metaspace       used 119423K, capacity 123112K, committed 123312K, reserved 1157120K
  class space    used 15001K, capacity 16347K, committed 16384K, reserved 1048576K
}
Event: 204,089 GC heap before
{Heap before GC invocations=53 (full 0):
 garbage-first heap   total 353280K, used 177889K [0x0000000080000000, 0x0000000100000000)
  region size 1024K, 6 young (6144K), 2 survivors (2048K)
 Metaspace       used 119424K, capacity 123112K, committed 123312K, reserved 1157120K
  class space    used 15001K, capacity 16347K, committed 16384K, reserved 1048576K
}
Event: 204,094 GC heap after
{Heap after GC invocations=54 (full 0):
 garbage-first heap   total 353280K, used 174817K [0x0000000080000000, 0x0000000100000000)
  region size 1024K, 2 young (2048K), 2 survivors (2048K)
 Metaspace       used 119424K, capacity 123112K, committed 123312K, reserved 1157120K
  class space    used 15001K, capacity 16347K, committed 16384K, reserved 1048576K
}
Event: 204,805 GC heap before
{Heap before GC invocations=55 (full 0):
 garbage-first heap   total 353280K, used 269025K [0x0000000080000000, 0x0000000100000000)
  region size 1024K, 88 young (90112K), 2 survivors (2048K)
 Metaspace       used 127967K, capacity 131825K, committed 132016K, reserved 1163264K
  class space    used 15894K, capacity 17346K, committed 17408K, reserved 1048576K
}
Event: 204,815 GC heap after
{Heap after GC invocations=56 (full 0):
 garbage-first heap   total 353280K, used 194367K [0x0000000080000000, 0x0000000100000000)
  region size 1024K, 11 young (11264K), 11 survivors (11264K)
 Metaspace       used 127967K, capacity 131825K, committed 132016K, reserved 1163264K
  class space    used 15894K, capacity 17346K, committed 17408K, reserved 1048576K
}
Event: 204,848 GC heap before
{Heap before GC invocations=56 (full 0):
 garbage-first heap   total 353280K, used 199487K [0x0000000080000000, 0x0000000100000000)
  region size 1024K, 17 young (17408K), 11 survivors (11264K)
 Metaspace       used 127983K, capacity 131889K, committed 132016K, reserved 1163264K
  class space    used 15894K, capacity 17346K, committed 17408K, reserved 1048576K
}
Event: 204,858 GC heap after
{Heap after GC invocations=57 (full 0):
 garbage-first heap   total 353280K, used 199607K [0x0000000080000000, 0x0000000100000000)
  region size 1024K, 3 young (3072K), 3 survivors (3072K)
 Metaspace       used 127983K, capacity 131889K, committed 132016K, reserved 1163264K
  class space    used 15894K, capacity 17346K, committed 17408K, reserved 1048576K
}
Event: 205,229 GC heap before
{Heap before GC invocations=57 (full 0):
 garbage-first heap   total 353280K, used 271287K [0x0000000080000000, 0x0000000100000000)
  region size 1024K, 73 young (74752K), 3 survivors (3072K)
 Metaspace       used 131014K, capacity 134934K, committed 135216K, reserved 1167360K
  class space    used 16303K, capacity 17737K, committed 17792K, reserved 1048576K
}
Event: 205,255 GC heap after
{Heap after GC invocations=58 (full 0):
 garbage-first heap   total 353280K, used 242488K [0x0000000080000000, 0x0000000100000000)
  region size 1024K, 10 young (10240K), 10 survivors (10240K)
 Metaspace       used 131014K, capacity 134934K, committed 135216K, reserved 1167360K
  class space    used 16303K, capacity 17737K, committed 17792K, reserved 1048576K
}
Event: 205,609 GC heap before
{Heap before GC invocations=59 (full 0):
 garbage-first heap   total 353280K, used 284472K [0x0000000080000000, 0x0000000100000000)
  region size 1024K, 50 young (51200K), 10 survivors (10240K)
 Metaspace       used 135205K, capacity 139411K, committed 139568K, reserved 1171456K
  class space    used 16910K, capacity 18504K, committed 18560K, reserved 1048576K
}
Event: 205,627 GC heap after
{Heap after GC invocations=60 (full 0):
 garbage-first heap   total 353280K, used 249185K [0x0000000080000000, 0x0000000100000000)
  region size 1024K, 5 young (5120K), 5 survivors (5120K)
 Metaspace       used 135205K, capacity 139411K, committed 139568K, reserved 1171456K
  class space    used 16910K, capacity 18504K, committed 18560K, reserved 1048576K
}
Event: 205,758 GC heap before
{Heap before GC invocations=60 (full 0):
 garbage-first heap   total 353280K, used 261473K [0x0000000080000000, 0x0000000100000000)
  region size 1024K, 17 young (17408K), 5 survivors (5120K)
 Metaspace       used 137445K, capacity 141726K, committed 142000K, reserved 1173504K
  class space    used 17203K, capacity 18827K, committed 18944K, reserved 1048576K
}
Event: 205,765 GC heap after
{Heap after GC invocations=61 (full 0):
 garbage-first heap   total 353280K, used 249047K [0x0000000080000000, 0x0000000100000000)
  region size 1024K, 1 young (1024K), 1 survivors (1024K)
 Metaspace       used 137445K, capacity 141726K, committed 142000K, reserved 1173504K
  class space    used 17203K, capacity 18827K, committed 18944K, reserved 1048576K
}
Event: 205,930 GC heap before
{Heap before GC invocations=61 (full 0):
 garbage-first heap   total 353280K, used 288983K [0x0000000080000000, 0x0000000100000000)
  region size 1024K, 40 young (40960K), 1 survivors (1024K)
 Metaspace       used 138473K, capacity 142748K, committed 142896K, reserved 1173504K
  class space    used 17337K, capacity 19000K, committed 19072K, reserved 1048576K
}
Event: 205,934 GC heap after
{Heap after GC invocations=62 (full 0):
 garbage-first heap   total 353280K, used 249574K [0x0000000080000000, 0x0000000100000000)
  region size 1024K, 2 young (2048K), 2 survivors (2048K)
 Metaspace       used 138473K, capacity 142748K, committed 142896K, reserved 1173504K
  class space    used 17337K, capacity 19000K, committed 19072K, reserved 1048576K
}

